<html xmlns:math="http://exslt.org/math" xmlns:testng="http://testng.org">
   <head>
      <title>TestNG Results</title>
      <meta http-equiv="content-type" content="text/html; charset=utf-8"></meta>
      <meta http-equiv="pragma" content="no-cache"></meta>
      <meta http-equiv="cache-control" content="max-age=0"></meta>
      <meta http-equiv="cache-control" content="no-cache"></meta>
      <meta http-equiv="cache-control" content="no-store"></meta>
      <LINK rel="stylesheet" href="style.css"></LINK>
      <script type="text/javascript" src="main.js"></script>
   </head>
   <body>
      <table width="100%" style="font-size: 16px; margin-bottom: 10px;" cellspacing="1">
         <tr>
            <td width="100%">
               All methods in suite
               
               <b>my app test suite</b>
            </td>
            <td style="background-color: #FFBBBB; padding: 3px 3px 3px 0;" align="center">
               <div style="width: 50px;">
                  <h5> Failed TCs: </h5>1
               </div>
            </td>
            <td style="background-color: lightgreen; padding: 3px 3px 3px 0;" align="center">
               <div style="width: 50px;">
                  <h5>Passed TCs:</h5>0
               </div>
            </td>
            <td style="background-color: #FFFFBB; padding: 3px 3px 3px 0;" align="center">
               <div style="width: 50px;">
                  <h5>Skipped TCs:</h5>0
               </div>
            </td>
            <td align="center" style="background-color: #eaf0f7; padding: 3px 3px 3px 0;">
               <div style="width: 50px;">
                  <h5>Total TCs:</h5>1
               </div>
            </td>
            <td align="center"
                style="font-weight: bold; background-color: #eaf0f7; padding: 3px 3px 3px 0;">
               <div style="width: 100px;">
                  <h5>Passed Percentage:</h5>%
               </div>
            </td>
            <td style="background-color: #eaf0f7; padding: 3px 3px 3px 0;" align="center"
                nowrap="true">
               <h5>Duration:</h5>22s
               
            </td>
         </tr>
      </table>
      <div style="width: 200px;">
         <label for="groupMethodsCheckBox" style="font-weight: bold; margin: 0;">
            <input id="groupMethodsCheckBox" type="checkbox" onclick="switchTestMethodsView(this)"></input>
            Group by class
            
         </label>
         <br></br>
         <label for="methodsFilter_ALL" style="font-weight: bold; margin: 0;">
            <input id="methodsFilter_ALL" type="checkbox"
                   onclick="testMethodsFilterChanged(this, 'ALL')"></input>
            All
            
         </label>
      </div>
      <label for="methodsFilter_FAIL" style="margin-left: 20px;">
         <input id="methodsFilter_FAIL" type="checkbox"
                onclick="testMethodsFilterChanged(this, 'FAIL')"
                checked=""></input>
         Failed
         
      </label>
      <label for="methodsFilter_PASS">
         <input id="methodsFilter_PASS" type="checkbox"
                onclick="testMethodsFilterChanged(this, 'PASS')"
                checked=""></input>
         Passed
         
      </label>
      <label for="methodsFilter_SKIP">
         <input id="methodsFilter_SKIP" type="checkbox"
                onclick="testMethodsFilterChanged(this, 'SKIP')"
                checked=""></input>
         Skipped
         
      </label>
      <label for="methodsFilter_CONF">
         <input id="methodsFilter_CONF" type="checkbox"
                onclick="testMethodsFilterChanged(this, 'CONF')"></input>
         Config
         
      </label>
      <br></br>
      <div id="testMethodsByStatus">
         <table class="testMethodsTable" cellpadding="0" cellspacing="0">
            <tr class="methodsTableHeader">
               <td width="100%">Name</td>
               <td nowrap="true">Started</td>
               <td nowrap="true">Duration</td>
               <td>Exception</td>
            </tr>
            <tr id="com.myapp.Tests.AddUser_testAddUser_byStatus_failed_FAIL1_row"
                class="testMethodStatusFAIL">
               <td width="100%" class="firstMethodCell">
                  <a onclick="toggleDetailsVisibility('com.myapp.Tests.AddUser_testAddUser_byStatus_failed_FAIL1_details')">testAddUser()</a>
               </td>
               <td nowrap="true">14:50:26</td>
               <td nowrap="true" align="right">6s
                  
               </td>
               <td nowrap="true">
                  <a onclick="toggleDetailsVisibility('com.myapp.Tests.AddUser_testAddUser_byStatus_failed_FAIL1_exception')">java.lang.AssertionError: 
                     expected [true] but found [false]
                     
                  </a>
                   
                  
               </td>
            </tr>
            <tr>
               <td colspan="4" class="detailsBox">
                  <div id="com.myapp.Tests.AddUser_testAddUser_byStatus_failed_FAIL1_details"
                       class="testMethodDetails">
                     <div>
                        <b>Name: </b>testAddUser
                     </div>
                     <div>
                        <b>Signature: </b>testAddUser()[pri:1, instance:com.myapp.Tests.AddUser@61443d8f]
                     </div>
                     <div>
                        <b>Start time: </b>14:50:26
                     </div>
                     <div>
                        <b>End time: </b>14:50:33
                     </div>
                     <div>
                        <b>Duration: </b>6s
                        
                     </div>
                     <div>
                        <b>Steps: 
                           
                           
                           expected [true] but found [false]
                           
                           
                           java.lang.AssertionError: expected [true] but found [false]
                           	at org.testng.Assert.fail(Assert.java:94)
                           	at org.testng.Assert.failNotEquals(Assert.java:496)
                           	at org.testng.Assert.assertTrue(Assert.java:42)
                           	at org.testng.Assert.assertTrue(Assert.java:52)
                           	at com.myapp.page.AddUserHelperPage.checkUser(AddUserHelperPage.java:53)
                           	at com.myapp.Tests.AddUser.testAddUser(AddUser.java:51)
                           	at sun.reflect.NativeMethodAccessorImpl.invoke0(Native Method)
                           	at sun.reflect.NativeMethodAccessorImpl.invoke(NativeMethodAccessorImpl.java:62)
                           	at sun.reflect.DelegatingMethodAccessorImpl.invoke(DelegatingMethodAccessorImpl.java:43)
                           	at java.lang.reflect.Method.invoke(Method.java:497)
                           	at org.testng.internal.MethodInvocationHelper.invokeMethod(MethodInvocationHelper.java:85)
                           	at org.testng.internal.Invoker.invokeMethod(Invoker.java:639)
                           	at org.testng.internal.Invoker.invokeTestMethod(Invoker.java:816)
                           	at org.testng.internal.Invoker.invokeTestMethods(Invoker.java:1124)
                           	at org.testng.internal.TestMethodWorker.invokeTestMethods(TestMethodWorker.java:125)
                           	at org.testng.internal.TestMethodWorker.run(TestMethodWorker.java:108)
                           	at org.testng.TestRunner.privateRun(TestRunner.java:774)
                           	at org.testng.TestRunner.run(TestRunner.java:624)
                           	at org.testng.SuiteRunner.runTest(SuiteRunner.java:359)
                           	at org.testng.SuiteRunner.runSequentially(SuiteRunner.java:354)
                           	at org.testng.SuiteRunner.privateRun(SuiteRunner.java:312)
                           	at org.testng.SuiteRunner.run(SuiteRunner.java:261)
                           	at org.testng.SuiteRunnerWorker.runSuite(SuiteRunnerWorker.java:52)
                           	at org.testng.SuiteRunnerWorker.run(SuiteRunnerWorker.java:86)
                           	at org.testng.TestNG.runSuitesSequentially(TestNG.java:1215)
                           	at org.testng.TestNG.runSuitesLocally(TestNG.java:1140)
                           	at org.testng.TestNG.run(TestNG.java:1048)
                           	at org.testng.TestNG.privateMain(TestNG.java:1355)
                           	at org.testng.TestNG.main(TestNG.java:1324)
                           
                           
                           
                           
                           
                           <a href= 'file://D:/demo_workspace/demoautomationframework/screenshots/pass2017-08-1852817.jpg'target='_blank' >pass2017-08-1852817</a>
                           
                           
                           <html><body><b>||Name is entered! || <br></br> </b></html></body>
                           
                           
                           <a href= 'file://D:/demo_workspace/demoautomationframework/screenshots/pass2017-08-1899754.jpg'target='_blank' >pass2017-08-1899754</a>
                           
                           
                           <html><body><b>||Email is entered! || <br></br> </b></html></body>
                           
                           
                           <a href= 'file://D:/demo_workspace/demoautomationframework/screenshots/pass2017-08-1866294.jpg'target='_blank' >pass2017-08-1866294</a>
                           
                           
                           <html><body><b>||Button is clicked! || <br></br> </b></html></body>
                           
                           
                           <a href= 'file://D:/demo_workspace/demoautomationframework/screenshots/testAddUser2017-08-18.jpg'target='_blank' >testAddUser2017-08-18</a>
                           
                           
                           <a href= 'file://D:/demo_workspace/demoautomationframework/screenshots/pass2017-08-1889118.jpg'target='_blank' >pass2017-08-1889118</a>
                           
                           
                           <html><body><b>||Aug 18,2017 14:50:33 [info]  <<<<<<<<<<<<<<<<<<<<<<<<<<<<<<<<<< Error message >>>>>>>>>>>>>>>>>>>>>>>>>>>>>>
                           || <br></br> </b></html></body>
                           
                           
                           
                        </b>FAIL
                     </div>
                  </div>
               </td>
            </tr>
            <tr>
               <td colspan="4" class="detailsBox">
                  <div id="com.myapp.Tests.AddUser_testAddUser_byStatus_failed_FAIL1_exception"
                       class="testMethodDetails">
                     <pre style="padding: 5px; margin: 0;">java.lang.AssertionError: expected [true] but found [false]
                        	at org.testng.Assert.fail(Assert.java:94)
                        	at org.testng.Assert.failNotEquals(Assert.java:496)
                        	at org.testng.Assert.assertTrue(Assert.java:42)
                        	at org.testng.Assert.assertTrue(Assert.java:52)
                        	at com.myapp.page.AddUserHelperPage.checkUser(AddUserHelperPage.java:53)
                        	at com.myapp.Tests.AddUser.testAddUser(AddUser.java:51)
                        	at sun.reflect.NativeMethodAccessorImpl.invoke0(Native Method)
                        	at sun.reflect.NativeMethodAccessorImpl.invoke(NativeMethodAccessorImpl.java:62)
                        	at sun.reflect.DelegatingMethodAccessorImpl.invoke(DelegatingMethodAccessorImpl.java:43)
                        	at java.lang.reflect.Method.invoke(Method.java:497)
                        	at org.testng.internal.MethodInvocationHelper.invokeMethod(MethodInvocationHelper.java:85)
                        	at org.testng.internal.Invoker.invokeMethod(Invoker.java:639)
                        	at org.testng.internal.Invoker.invokeTestMethod(Invoker.java:816)
                        	at org.testng.internal.Invoker.invokeTestMethods(Invoker.java:1124)
                        	at org.testng.internal.TestMethodWorker.invokeTestMethods(TestMethodWorker.java:125)
                        	at org.testng.internal.TestMethodWorker.run(TestMethodWorker.java:108)
                        	at org.testng.TestRunner.privateRun(TestRunner.java:774)
                        	at org.testng.TestRunner.run(TestRunner.java:624)
                        	at org.testng.SuiteRunner.runTest(SuiteRunner.java:359)
                        	at org.testng.SuiteRunner.runSequentially(SuiteRunner.java:354)
                        	at org.testng.SuiteRunner.privateRun(SuiteRunner.java:312)
                        	at org.testng.SuiteRunner.run(SuiteRunner.java:261)
                        	at org.testng.SuiteRunnerWorker.runSuite(SuiteRunnerWorker.java:52)
                        	at org.testng.SuiteRunnerWorker.run(SuiteRunnerWorker.java:86)
                        	at org.testng.TestNG.runSuitesSequentially(TestNG.java:1215)
                        	at org.testng.TestNG.runSuitesLocally(TestNG.java:1140)
                        	at org.testng.TestNG.run(TestNG.java:1048)
                        	at org.testng.TestNG.privateMain(TestNG.java:1355)
                        	at org.testng.TestNG.main(TestNG.java:1324)
                     </pre>
                  </div>
               </td>
            </tr>
            <tr id="com.myapp.Tests.AddUser_setup_byStatus_passed_PASS1_row"
                class="testMethodStatusPASS testMethodStatusCONF">
               <td width="100%" class="firstMethodCell">
                  <a onclick="toggleDetailsVisibility('com.myapp.Tests.AddUser_setup_byStatus_passed_PASS1_details')">setup()</a>
               </td>
               <td nowrap="true">14:50:11</td>
               <td nowrap="true" align="right">14s
                  
               </td>
               <td nowrap="true">
                   
                  
               </td>
            </tr>
            <tr>
               <td colspan="4" class="detailsBox">
                  <div id="com.myapp.Tests.AddUser_setup_byStatus_passed_PASS1_details"
                       class="testMethodDetails">
                     <div>
                        <b>Name: </b>setup
                     </div>
                     <div>
                        <b>Signature: </b>setup()[pri:0, instance:com.myapp.Tests.AddUser@61443d8f]
                     </div>
                     <div>
                        <b>Start time: </b>14:50:11
                     </div>
                     <div>
                        <b>End time: </b>14:50:26
                     </div>
                     <div>
                        <b>Duration: </b>14s
                        
                     </div>
                     <div>
                        <b>Steps: 
                           
                           
                           
                        </b>PASS
                     </div>
                  </div>
               </td>
            </tr>
            <tr></tr>
            <tr id="com.myapp.Tests.AddUser_closebrowser_byStatus_passed_PASS2_row"
                class="testMethodStatusPASS testMethodStatusCONF">
               <td width="100%" class="firstMethodCell">
                  <a onclick="toggleDetailsVisibility('com.myapp.Tests.AddUser_closebrowser_byStatus_passed_PASS2_details')">closebrowser()</a>
               </td>
               <td nowrap="true">14:50:33</td>
               <td nowrap="true" align="right">1s
                  
               </td>
               <td nowrap="true">
                   
                  
               </td>
            </tr>
            <tr>
               <td colspan="4" class="detailsBox">
                  <div id="com.myapp.Tests.AddUser_closebrowser_byStatus_passed_PASS2_details"
                       class="testMethodDetails">
                     <div>
                        <b>Name: </b>closebrowser
                     </div>
                     <div>
                        <b>Signature: </b>closebrowser()[pri:0, instance:com.myapp.Tests.AddUser@61443d8f]
                     </div>
                     <div>
                        <b>Start time: </b>14:50:33
                     </div>
                     <div>
                        <b>End time: </b>14:50:34
                     </div>
                     <div>
                        <b>Duration: </b>1s
                        
                     </div>
                     <div>
                        <b>Steps: 
                           
                           
                           
                        </b>PASS
                     </div>
                  </div>
               </td>
            </tr>
            <tr></tr>
            <tr id="com.myapp.Tests.AddUser_afterMainMethod_byStatus_passed_PASS3_row"
                class="testMethodStatusPASS testMethodStatusCONF">
               <td width="100%" class="firstMethodCell">
                  <a onclick="toggleDetailsVisibility('com.myapp.Tests.AddUser_afterMainMethod_byStatus_passed_PASS3_details')">afterMainMethod()</a>
               </td>
               <td nowrap="true">14:50:34</td>
               <td nowrap="true" align="right">1 ms
                  
               </td>
               <td nowrap="true">
                   
                  
               </td>
            </tr>
            <tr>
               <td colspan="4" class="detailsBox">
                  <div id="com.myapp.Tests.AddUser_afterMainMethod_byStatus_passed_PASS3_details"
                       class="testMethodDetails">
                     <div>
                        <b>Name: </b>afterMainMethod
                     </div>
                     <div>
                        <b>Signature: </b>afterMainMethod()[pri:0, instance:com.myapp.Tests.AddUser@61443d8f]
                     </div>
                     <div>
                        <b>Start time: </b>14:50:34
                     </div>
                     <div>
                        <b>End time: </b>14:50:34
                     </div>
                     <div>
                        <b>Duration: </b>1 ms
                        
                     </div>
                     <div>
                        <b>Steps: 
                           
                           
                           
                        </b>PASS
                     </div>
                  </div>
               </td>
            </tr>
            <tr></tr>
         </table>
      </div>
      <div id="testMethodsByClass" style="display: none;">
         <table class="testMethodsTable" cellpadding="0" cellspacing="0">
            <tr>
               <td colspan="4">
                  <h3 style="display: inline;">com.myapp.Tests.AddUser</h3>
               </td>
            </tr>
            <tr class="methodsTableHeader">
               <td width="100%">Name</td>
               <td nowrap="true">Started</td>
               <td nowrap="true">Duration</td>
               <td>Exception</td>
            </tr>
            <tr id="com.myapp.Tests.AddUser_setup_byClass_PASS1_row"
                class="testMethodStatusPASS testMethodStatusCONF">
               <td width="100%" class="firstMethodCell">
                  <a onclick="toggleDetailsVisibility('com.myapp.Tests.AddUser_setup_byClass_PASS1_details')">setup()</a>
               </td>
               <td nowrap="true">14:50:11</td>
               <td nowrap="true" align="right">14s
                  
               </td>
               <td nowrap="true">
                   
                  
               </td>
            </tr>
            <tr>
               <td colspan="4" class="detailsBox">
                  <div id="com.myapp.Tests.AddUser_setup_byClass_PASS1_details"
                       class="testMethodDetails">
                     <div>
                        <b>Name: </b>setup
                     </div>
                     <div>
                        <b>Signature: </b>setup()[pri:0, instance:com.myapp.Tests.AddUser@61443d8f]
                     </div>
                     <div>
                        <b>Start time: </b>14:50:11
                     </div>
                     <div>
                        <b>End time: </b>14:50:26
                     </div>
                     <div>
                        <b>Duration: </b>14s
                        
                     </div>
                     <div>
                        <b>Steps: 
                           
                           
                           
                        </b>PASS
                     </div>
                  </div>
               </td>
            </tr>
            <tr></tr>
            <tr id="com.myapp.Tests.AddUser_testAddUser_byClass_FAIL2_row"
                class="testMethodStatusFAIL">
               <td width="100%" class="firstMethodCell">
                  <a onclick="toggleDetailsVisibility('com.myapp.Tests.AddUser_testAddUser_byClass_FAIL2_details')">testAddUser()</a>
               </td>
               <td nowrap="true">14:50:26</td>
               <td nowrap="true" align="right">6s
                  
               </td>
               <td nowrap="true">
                  <a onclick="toggleDetailsVisibility('com.myapp.Tests.AddUser_testAddUser_byClass_FAIL2_exception')">java.lang.AssertionError: 
                     expected [true] but found [false]
                     
                  </a>
                   
                  
               </td>
            </tr>
            <tr>
               <td colspan="4" class="detailsBox">
                  <div id="com.myapp.Tests.AddUser_testAddUser_byClass_FAIL2_details"
                       class="testMethodDetails">
                     <div>
                        <b>Name: </b>testAddUser
                     </div>
                     <div>
                        <b>Signature: </b>testAddUser()[pri:1, instance:com.myapp.Tests.AddUser@61443d8f]
                     </div>
                     <div>
                        <b>Start time: </b>14:50:26
                     </div>
                     <div>
                        <b>End time: </b>14:50:33
                     </div>
                     <div>
                        <b>Duration: </b>6s
                        
                     </div>
                     <div>
                        <b>Steps: 
                           
                           
                           expected [true] but found [false]
                           
                           
                           java.lang.AssertionError: expected [true] but found [false]
                           	at org.testng.Assert.fail(Assert.java:94)
                           	at org.testng.Assert.failNotEquals(Assert.java:496)
                           	at org.testng.Assert.assertTrue(Assert.java:42)
                           	at org.testng.Assert.assertTrue(Assert.java:52)
                           	at com.myapp.page.AddUserHelperPage.checkUser(AddUserHelperPage.java:53)
                           	at com.myapp.Tests.AddUser.testAddUser(AddUser.java:51)
                           	at sun.reflect.NativeMethodAccessorImpl.invoke0(Native Method)
                           	at sun.reflect.NativeMethodAccessorImpl.invoke(NativeMethodAccessorImpl.java:62)
                           	at sun.reflect.DelegatingMethodAccessorImpl.invoke(DelegatingMethodAccessorImpl.java:43)
                           	at java.lang.reflect.Method.invoke(Method.java:497)
                           	at org.testng.internal.MethodInvocationHelper.invokeMethod(MethodInvocationHelper.java:85)
                           	at org.testng.internal.Invoker.invokeMethod(Invoker.java:639)
                           	at org.testng.internal.Invoker.invokeTestMethod(Invoker.java:816)
                           	at org.testng.internal.Invoker.invokeTestMethods(Invoker.java:1124)
                           	at org.testng.internal.TestMethodWorker.invokeTestMethods(TestMethodWorker.java:125)
                           	at org.testng.internal.TestMethodWorker.run(TestMethodWorker.java:108)
                           	at org.testng.TestRunner.privateRun(TestRunner.java:774)
                           	at org.testng.TestRunner.run(TestRunner.java:624)
                           	at org.testng.SuiteRunner.runTest(SuiteRunner.java:359)
                           	at org.testng.SuiteRunner.runSequentially(SuiteRunner.java:354)
                           	at org.testng.SuiteRunner.privateRun(SuiteRunner.java:312)
                           	at org.testng.SuiteRunner.run(SuiteRunner.java:261)
                           	at org.testng.SuiteRunnerWorker.runSuite(SuiteRunnerWorker.java:52)
                           	at org.testng.SuiteRunnerWorker.run(SuiteRunnerWorker.java:86)
                           	at org.testng.TestNG.runSuitesSequentially(TestNG.java:1215)
                           	at org.testng.TestNG.runSuitesLocally(TestNG.java:1140)
                           	at org.testng.TestNG.run(TestNG.java:1048)
                           	at org.testng.TestNG.privateMain(TestNG.java:1355)
                           	at org.testng.TestNG.main(TestNG.java:1324)
                           
                           
                           
                           
                           
                           <a href= 'file://D:/demo_workspace/demoautomationframework/screenshots/pass2017-08-1852817.jpg'target='_blank' >pass2017-08-1852817</a>
                           
                           
                           <html><body><b>||Name is entered! || <br></br> </b></html></body>
                           
                           
                           <a href= 'file://D:/demo_workspace/demoautomationframework/screenshots/pass2017-08-1899754.jpg'target='_blank' >pass2017-08-1899754</a>
                           
                           
                           <html><body><b>||Email is entered! || <br></br> </b></html></body>
                           
                           
                           <a href= 'file://D:/demo_workspace/demoautomationframework/screenshots/pass2017-08-1866294.jpg'target='_blank' >pass2017-08-1866294</a>
                           
                           
                           <html><body><b>||Button is clicked! || <br></br> </b></html></body>
                           
                           
                           <a href= 'file://D:/demo_workspace/demoautomationframework/screenshots/testAddUser2017-08-18.jpg'target='_blank' >testAddUser2017-08-18</a>
                           
                           
                           <a href= 'file://D:/demo_workspace/demoautomationframework/screenshots/pass2017-08-1889118.jpg'target='_blank' >pass2017-08-1889118</a>
                           
                           
                           <html><body><b>||Aug 18,2017 14:50:33 [info]  <<<<<<<<<<<<<<<<<<<<<<<<<<<<<<<<<< Error message >>>>>>>>>>>>>>>>>>>>>>>>>>>>>>
                           || <br></br> </b></html></body>
                           
                           
                           
                        </b>FAIL
                     </div>
                  </div>
               </td>
            </tr>
            <tr>
               <td colspan="4" class="detailsBox">
                  <div id="com.myapp.Tests.AddUser_testAddUser_byClass_FAIL2_exception"
                       class="testMethodDetails">
                     <pre style="padding: 5px; margin: 0;">java.lang.AssertionError: expected [true] but found [false]
                        	at org.testng.Assert.fail(Assert.java:94)
                        	at org.testng.Assert.failNotEquals(Assert.java:496)
                        	at org.testng.Assert.assertTrue(Assert.java:42)
                        	at org.testng.Assert.assertTrue(Assert.java:52)
                        	at com.myapp.page.AddUserHelperPage.checkUser(AddUserHelperPage.java:53)
                        	at com.myapp.Tests.AddUser.testAddUser(AddUser.java:51)
                        	at sun.reflect.NativeMethodAccessorImpl.invoke0(Native Method)
                        	at sun.reflect.NativeMethodAccessorImpl.invoke(NativeMethodAccessorImpl.java:62)
                        	at sun.reflect.DelegatingMethodAccessorImpl.invoke(DelegatingMethodAccessorImpl.java:43)
                        	at java.lang.reflect.Method.invoke(Method.java:497)
                        	at org.testng.internal.MethodInvocationHelper.invokeMethod(MethodInvocationHelper.java:85)
                        	at org.testng.internal.Invoker.invokeMethod(Invoker.java:639)
                        	at org.testng.internal.Invoker.invokeTestMethod(Invoker.java:816)
                        	at org.testng.internal.Invoker.invokeTestMethods(Invoker.java:1124)
                        	at org.testng.internal.TestMethodWorker.invokeTestMethods(TestMethodWorker.java:125)
                        	at org.testng.internal.TestMethodWorker.run(TestMethodWorker.java:108)
                        	at org.testng.TestRunner.privateRun(TestRunner.java:774)
                        	at org.testng.TestRunner.run(TestRunner.java:624)
                        	at org.testng.SuiteRunner.runTest(SuiteRunner.java:359)
                        	at org.testng.SuiteRunner.runSequentially(SuiteRunner.java:354)
                        	at org.testng.SuiteRunner.privateRun(SuiteRunner.java:312)
                        	at org.testng.SuiteRunner.run(SuiteRunner.java:261)
                        	at org.testng.SuiteRunnerWorker.runSuite(SuiteRunnerWorker.java:52)
                        	at org.testng.SuiteRunnerWorker.run(SuiteRunnerWorker.java:86)
                        	at org.testng.TestNG.runSuitesSequentially(TestNG.java:1215)
                        	at org.testng.TestNG.runSuitesLocally(TestNG.java:1140)
                        	at org.testng.TestNG.run(TestNG.java:1048)
                        	at org.testng.TestNG.privateMain(TestNG.java:1355)
                        	at org.testng.TestNG.main(TestNG.java:1324)
                     </pre>
                  </div>
               </td>
            </tr>
            <tr id="com.myapp.Tests.AddUser_closebrowser_byClass_PASS3_row"
                class="testMethodStatusPASS testMethodStatusCONF">
               <td width="100%" class="firstMethodCell">
                  <a onclick="toggleDetailsVisibility('com.myapp.Tests.AddUser_closebrowser_byClass_PASS3_details')">closebrowser()</a>
               </td>
               <td nowrap="true">14:50:33</td>
               <td nowrap="true" align="right">1s
                  
               </td>
               <td nowrap="true">
                   
                  
               </td>
            </tr>
            <tr>
               <td colspan="4" class="detailsBox">
                  <div id="com.myapp.Tests.AddUser_closebrowser_byClass_PASS3_details"
                       class="testMethodDetails">
                     <div>
                        <b>Name: </b>closebrowser
                     </div>
                     <div>
                        <b>Signature: </b>closebrowser()[pri:0, instance:com.myapp.Tests.AddUser@61443d8f]
                     </div>
                     <div>
                        <b>Start time: </b>14:50:33
                     </div>
                     <div>
                        <b>End time: </b>14:50:34
                     </div>
                     <div>
                        <b>Duration: </b>1s
                        
                     </div>
                     <div>
                        <b>Steps: 
                           
                           
                           
                        </b>PASS
                     </div>
                  </div>
               </td>
            </tr>
            <tr></tr>
            <tr id="com.myapp.Tests.AddUser_afterMainMethod_byClass_PASS4_row"
                class="testMethodStatusPASS testMethodStatusCONF">
               <td width="100%" class="firstMethodCell">
                  <a onclick="toggleDetailsVisibility('com.myapp.Tests.AddUser_afterMainMethod_byClass_PASS4_details')">afterMainMethod()</a>
               </td>
               <td nowrap="true">14:50:34</td>
               <td nowrap="true" align="right">1 ms
                  
               </td>
               <td nowrap="true">
                   
                  
               </td>
            </tr>
            <tr>
               <td colspan="4" class="detailsBox">
                  <div id="com.myapp.Tests.AddUser_afterMainMethod_byClass_PASS4_details"
                       class="testMethodDetails">
                     <div>
                        <b>Name: </b>afterMainMethod
                     </div>
                     <div>
                        <b>Signature: </b>afterMainMethod()[pri:0, instance:com.myapp.Tests.AddUser@61443d8f]
                     </div>
                     <div>
                        <b>Start time: </b>14:50:34
                     </div>
                     <div>
                        <b>End time: </b>14:50:34
                     </div>
                     <div>
                        <b>Duration: </b>1 ms
                        
                     </div>
                     <div>
                        <b>Steps: 
                           
                           
                           
                        </b>PASS
                     </div>
                  </div>
               </td>
            </tr>
            <tr></tr>
         </table>
         <br></br>
      </div>
      <div style="margin-top: 15px; color: gray; text-align: center; font-size: 9px;">
         Generated with
         
         <a href="http://code.google.com/p/testng-xslt/" style="color: #8888aa;"
            target="_blank">
            TestNG XSLT
            
         </a>
      </div>
   </body>
</html>